mode: atomic
github.com/convox/praxis/manifest/service.go:24.37,26.2 1 0
github.com/convox/praxis/manifest/build.go:20.62,24.31 3 0
github.com/convox/praxis/manifest/build.go:30.2,30.36 1 0
github.com/convox/praxis/manifest/build.go:42.2,42.29 1 0
github.com/convox/praxis/manifest/build.go:48.2,48.12 1 0
github.com/convox/praxis/manifest/build.go:24.31,28.3 3 0
github.com/convox/praxis/manifest/build.go:30.36,31.26 1 0
github.com/convox/praxis/manifest/build.go:31.26,32.57 1 0
github.com/convox/praxis/manifest/build.go:32.57,34.5 1 0
github.com/convox/praxis/manifest/build.go:35.4,36.52 1 0
github.com/convox/praxis/manifest/build.go:36.52,38.5 1 0
github.com/convox/praxis/manifest/build.go:42.29,43.54 1 0
github.com/convox/praxis/manifest/build.go:43.54,45.4 1 0
github.com/convox/praxis/manifest/build.go:51.61,52.24 1 0
github.com/convox/praxis/manifest/build.go:56.2,67.16 5 0
github.com/convox/praxis/manifest/build.go:71.2,75.29 3 0
github.com/convox/praxis/manifest/build.go:52.24,54.3 1 0
github.com/convox/praxis/manifest/build.go:67.16,69.3 1 0
github.com/convox/praxis/manifest/build.go:78.60,79.19 1 0
github.com/convox/praxis/manifest/build.go:83.2,85.53 2 0
github.com/convox/praxis/manifest/build.go:89.2,89.57 1 0
github.com/convox/praxis/manifest/build.go:93.2,93.12 1 0
github.com/convox/praxis/manifest/build.go:79.19,81.3 1 0
github.com/convox/praxis/manifest/build.go:85.53,87.3 1 0
github.com/convox/praxis/manifest/build.go:89.57,91.3 1 0
github.com/convox/praxis/manifest/build.go:96.52,105.2 5 0
github.com/convox/praxis/manifest/manifest.go:21.43,24.49 2 3
github.com/convox/praxis/manifest/manifest.go:28.2,28.16 1 1
github.com/convox/praxis/manifest/manifest.go:24.49,26.3 1 2
github.com/convox/praxis/manifest/manifest.go:31.47,33.16 2 0
github.com/convox/praxis/manifest/manifest.go:37.2,38.16 2 0
github.com/convox/praxis/manifest/manifest.go:42.2,43.16 2 0
github.com/convox/praxis/manifest/manifest.go:47.2,49.15 2 0
github.com/convox/praxis/manifest/manifest.go:33.16,35.3 1 0
github.com/convox/praxis/manifest/manifest.go:38.16,40.3 1 0
github.com/convox/praxis/manifest/manifest.go:43.16,45.3 1 0
github.com/convox/praxis/manifest/manifest.go:60.63,61.14 1 0
github.com/convox/praxis/manifest/manifest.go:61.14,63.3 1 0
github.com/convox/praxis/manifest/run.go:17.72,23.2 3 0
github.com/convox/praxis/manifest/run.go:25.50,34.2 5 0
github.com/convox/praxis/manifest/test.go:10.60,11.31 1 0
github.com/convox/praxis/manifest/test.go:23.2,23.12 1 0
github.com/convox/praxis/manifest/test.go:11.31,12.19 1 0
github.com/convox/praxis/manifest/test.go:12.19,17.18 2 0
github.com/convox/praxis/manifest/test.go:17.18,19.5 1 0
github.com/convox/praxis/manifest/yaml.go:11.55,13.2 1 0
github.com/convox/praxis/manifest/yaml.go:15.76,17.2 1 1
github.com/convox/praxis/manifest/yaml.go:19.75,21.2 1 2
github.com/convox/praxis/manifest/yaml.go:23.41,25.2 1 2
github.com/convox/praxis/manifest/yaml.go:27.63,29.2 1 0
github.com/convox/praxis/manifest/yaml.go:35.83,38.38 2 6
github.com/convox/praxis/manifest/yaml.go:42.2,42.23 1 6
github.com/convox/praxis/manifest/yaml.go:49.2,49.12 1 6
github.com/convox/praxis/manifest/yaml.go:38.38,40.3 1 0
github.com/convox/praxis/manifest/yaml.go:43.2,44.15 1 6
github.com/convox/praxis/manifest/yaml.go:45.2,46.56 1 0
github.com/convox/praxis/manifest/yaml.go:52.49,55.20 2 6
github.com/convox/praxis/manifest/yaml.go:56.2,57.20 1 4
github.com/convox/praxis/manifest/yaml.go:58.2,60.24 2 1
github.com/convox/praxis/manifest/yaml.go:61.2,65.19 3 1
github.com/convox/praxis/manifest/yaml.go:66.3,68.17 2 1
github.com/convox/praxis/manifest/yaml.go:73.52,75.2 1 0
github.com/convox/praxis/manifest/yaml.go:77.73,79.2 1 1
github.com/convox/praxis/manifest/yaml.go:81.38,83.2 1 1
github.com/convox/praxis/manifest/yaml.go:85.54,87.2 1 0
github.com/convox/praxis/manifest/yaml.go:89.75,91.2 1 1
github.com/convox/praxis/manifest/yaml.go:93.40,95.2 1 2
github.com/convox/praxis/manifest/yaml.go:97.79,100.38 2 1
github.com/convox/praxis/manifest/yaml.go:104.2,104.23 1 1
github.com/convox/praxis/manifest/yaml.go:119.2,119.12 1 1
github.com/convox/praxis/manifest/yaml.go:100.38,102.3 1 0
github.com/convox/praxis/manifest/yaml.go:105.2,108.42 3 1
github.com/convox/praxis/manifest/yaml.go:111.3,112.18 2 1
github.com/convox/praxis/manifest/yaml.go:113.2,114.13 1 0
github.com/convox/praxis/manifest/yaml.go:115.2,116.61 1 0
github.com/convox/praxis/manifest/yaml.go:108.42,110.4 1 0
github.com/convox/praxis/manifest/yaml.go:122.52,124.2 1 0
github.com/convox/praxis/manifest/yaml.go:126.73,128.2 1 1
github.com/convox/praxis/manifest/yaml.go:130.38,132.2 1 2
github.com/convox/praxis/manifest/yaml.go:138.43,140.16 2 14
github.com/convox/praxis/manifest/yaml.go:144.2,144.34 1 14
github.com/convox/praxis/manifest/yaml.go:140.16,142.3 1 0
github.com/convox/praxis/manifest/yaml.go:147.80,153.39 4 6
github.com/convox/praxis/manifest/yaml.go:157.2,157.25 1 6
github.com/convox/praxis/manifest/yaml.go:178.2,178.12 1 6
github.com/convox/praxis/manifest/yaml.go:153.39,155.3 1 0
github.com/convox/praxis/manifest/yaml.go:157.25,160.52 2 13
github.com/convox/praxis/manifest/yaml.go:164.3,164.38 1 13
github.com/convox/praxis/manifest/yaml.go:175.3,175.59 1 13
github.com/convox/praxis/manifest/yaml.go:160.52,162.4 1 0
github.com/convox/praxis/manifest/yaml.go:164.38,165.31 1 13
github.com/convox/praxis/manifest/yaml.go:166.4,167.37 1 4
github.com/convox/praxis/manifest/yaml.go:168.4,169.18 1 9
github.com/convox/praxis/manifest/yaml.go:170.4,171.49 1 0
